I, [2017-04-15T13:07:01.591093 #3879]  INFO -- : Refreshing Gem list
I, [2017-04-15T13:07:44.354714 #3879]  INFO -- : listening on addr=/home/pi/learningRoR/shared/sockets/unicorn.sock fd=9
I, [2017-04-15T13:07:44.356641 #3879]  INFO -- : worker=0 spawning...
I, [2017-04-15T13:07:44.374054 #3879]  INFO -- : worker=1 spawning...
I, [2017-04-15T13:07:44.386709 #3883]  INFO -- : worker=0 spawned pid=3883
I, [2017-04-15T13:07:44.388989 #3883]  INFO -- : worker=0 ready
I, [2017-04-15T13:07:44.398837 #3879]  INFO -- : master process ready
I, [2017-04-15T13:07:44.421323 #3886]  INFO -- : worker=1 spawned pid=3886
I, [2017-04-15T13:07:44.435479 #3886]  INFO -- : worker=1 ready
/home/pi/.rvm/gems/ruby-2.2.4/gems/unicorn-5.2.0/lib/unicorn/http_server.rb:195:in `pid=': Already running on PID:3879 (or pid=/home/pi/learningRoR/shared/pids/unicorn.pid is stale) (ArgumentError)
	from /home/pi/.rvm/gems/ruby-2.2.4/gems/unicorn-5.2.0/lib/unicorn/http_server.rb:127:in `start'
	from /home/pi/.rvm/gems/ruby-2.2.4/gems/unicorn-5.2.0/bin/unicorn:126:in `<top (required)>'
	from /home/pi/.rvm/gems/ruby-2.2.4/bin/unicorn:22:in `load'
	from /home/pi/.rvm/gems/ruby-2.2.4/bin/unicorn:22:in `<main>'
	from /home/pi/.rvm/gems/ruby-2.2.4/bin/ruby_executable_hooks:15:in `eval'
	from /home/pi/.rvm/gems/ruby-2.2.4/bin/ruby_executable_hooks:15:in `<main>'
/home/pi/.rvm/gems/ruby-2.2.4/gems/unicorn-5.2.0/lib/unicorn/http_server.rb:195:in `pid=': Already running on PID:3879 (or pid=/home/pi/learningRoR/shared/pids/unicorn.pid is stale) (ArgumentError)
	from /home/pi/.rvm/gems/ruby-2.2.4/gems/unicorn-5.2.0/lib/unicorn/http_server.rb:127:in `start'
	from /home/pi/.rvm/gems/ruby-2.2.4/gems/unicorn-5.2.0/bin/unicorn:126:in `<top (required)>'
	from /home/pi/.rvm/gems/ruby-2.2.4/bin/unicorn:22:in `load'
	from /home/pi/.rvm/gems/ruby-2.2.4/bin/unicorn:22:in `<main>'
	from /home/pi/.rvm/gems/ruby-2.2.4/bin/ruby_executable_hooks:15:in `eval'
	from /home/pi/.rvm/gems/ruby-2.2.4/bin/ruby_executable_hooks:15:in `<main>'
/home/pi/.rvm/gems/ruby-2.2.4/gems/unicorn-5.2.0/lib/unicorn/http_server.rb:195:in `pid=': Already running on PID:3879 (or pid=/home/pi/learningRoR/shared/pids/unicorn.pid is stale) (ArgumentError)
	from /home/pi/.rvm/gems/ruby-2.2.4/gems/unicorn-5.2.0/lib/unicorn/http_server.rb:127:in `start'
	from /home/pi/.rvm/gems/ruby-2.2.4/gems/unicorn-5.2.0/bin/unicorn:126:in `<top (required)>'
	from /home/pi/.rvm/gems/ruby-2.2.4/bin/unicorn:22:in `load'
	from /home/pi/.rvm/gems/ruby-2.2.4/bin/unicorn:22:in `<main>'
	from /home/pi/.rvm/gems/ruby-2.2.4/bin/ruby_executable_hooks:15:in `eval'
	from /home/pi/.rvm/gems/ruby-2.2.4/bin/ruby_executable_hooks:15:in `<main>'
/home/pi/.rvm/gems/ruby-2.2.4/gems/unicorn-5.2.0/lib/unicorn/http_server.rb:195:in `pid=': Already running on PID:3879 (or pid=/home/pi/learningRoR/shared/pids/unicorn.pid is stale) (ArgumentError)
	from /home/pi/.rvm/gems/ruby-2.2.4/gems/unicorn-5.2.0/lib/unicorn/http_server.rb:127:in `start'
	from /home/pi/.rvm/gems/ruby-2.2.4/gems/unicorn-5.2.0/bin/unicorn:126:in `<top (required)>'
	from /home/pi/.rvm/gems/ruby-2.2.4/bin/unicorn:22:in `load'
	from /home/pi/.rvm/gems/ruby-2.2.4/bin/unicorn:22:in `<main>'
	from /home/pi/.rvm/gems/ruby-2.2.4/bin/ruby_executable_hooks:15:in `eval'
	from /home/pi/.rvm/gems/ruby-2.2.4/bin/ruby_executable_hooks:15:in `<main>'
/home/pi/.rvm/gems/ruby-2.2.4/gems/unicorn-5.2.0/lib/unicorn/http_server.rb:195:in `pid=': Already running on PID:3879 (or pid=/home/pi/learningRoR/shared/pids/unicorn.pid is stale) (ArgumentError)
	from /home/pi/.rvm/gems/ruby-2.2.4/gems/unicorn-5.2.0/lib/unicorn/http_server.rb:127:in `start'
	from /home/pi/.rvm/gems/ruby-2.2.4/gems/unicorn-5.2.0/bin/unicorn:126:in `<top (required)>'
	from /home/pi/.rvm/gems/ruby-2.2.4/bin/unicorn:22:in `load'
	from /home/pi/.rvm/gems/ruby-2.2.4/bin/unicorn:22:in `<main>'
	from /home/pi/.rvm/gems/ruby-2.2.4/bin/ruby_executable_hooks:15:in `eval'
	from /home/pi/.rvm/gems/ruby-2.2.4/bin/ruby_executable_hooks:15:in `<main>'
I, [2017-04-15T13:13:01.303569 #3879]  INFO -- : reaped #<Process::Status: pid 3883 exit 0> worker=0
I, [2017-04-15T13:13:01.305049 #3879]  INFO -- : reaped #<Process::Status: pid 3886 exit 0> worker=1
I, [2017-04-15T13:13:01.308942 #3879]  INFO -- : master complete
I, [2017-04-15T13:13:20.318052 #4375]  INFO -- : Refreshing Gem list
/home/pi/.rvm/gems/ruby-2.2.4/gems/devise-4.2.0/lib/devise/rails/routes.rb:498:in `raise_no_secret_key': Devise.secret_key was not set. Please add the following to your Devise initializer: (RuntimeError)

  config.secret_key = '6d197ed6ebd372595447caa5cec3607e2e6566a44808a08eecc688e51b476bde1ed5755f527d071e8b8a362b24ba83133054554714be84f83c4e4dc1e6b8f74d'

Please ensure you restarted your application after installing Devise or setting the key.
	from /home/pi/.rvm/gems/ruby-2.2.4/gems/devise-4.2.0/lib/devise/rails/routes.rb:226:in `devise_for'
	from /home/pi/learningRoR/config/routes.rb:25:in `block in <top (required)>'
	from /home/pi/.rvm/gems/ruby-2.2.4/gems/actionpack-4.2.6/lib/action_dispatch/routing/route_set.rb:432:in `instance_exec'
	from /home/pi/.rvm/gems/ruby-2.2.4/gems/actionpack-4.2.6/lib/action_dispatch/routing/route_set.rb:432:in `eval_block'
	from /home/pi/.rvm/gems/ruby-2.2.4/gems/actionpack-4.2.6/lib/action_dispatch/routing/route_set.rb:410:in `draw'
	from /home/pi/learningRoR/config/routes.rb:1:in `<top (required)>'
	from /home/pi/.rvm/gems/ruby-2.2.4/gems/activesupport-4.2.6/lib/active_support/dependencies.rb:268:in `load'
	from /home/pi/.rvm/gems/ruby-2.2.4/gems/activesupport-4.2.6/lib/active_support/dependencies.rb:268:in `block in load'
	from /home/pi/.rvm/gems/ruby-2.2.4/gems/activesupport-4.2.6/lib/active_support/dependencies.rb:240:in `load_dependency'
	from /home/pi/.rvm/gems/ruby-2.2.4/gems/activesupport-4.2.6/lib/active_support/dependencies.rb:268:in `load'
	from /home/pi/.rvm/gems/ruby-2.2.4/gems/railties-4.2.6/lib/rails/application/routes_reloader.rb:40:in `block in load_paths'
	from /home/pi/.rvm/gems/ruby-2.2.4/gems/railties-4.2.6/lib/rails/application/routes_reloader.rb:40:in `each'
	from /home/pi/.rvm/gems/ruby-2.2.4/gems/railties-4.2.6/lib/rails/application/routes_reloader.rb:40:in `load_paths'
	from /home/pi/.rvm/gems/ruby-2.2.4/gems/railties-4.2.6/lib/rails/application/routes_reloader.rb:16:in `reload!'
	from /home/pi/.rvm/gems/ruby-2.2.4/gems/railties-4.2.6/lib/rails/application.rb:170:in `reload_routes!'
	from /home/pi/.rvm/gems/ruby-2.2.4/gems/devise-4.2.0/lib/devise/rails.rb:15:in `block in <class:Engine>'
	from /home/pi/.rvm/gems/ruby-2.2.4/gems/activesupport-4.2.6/lib/active_support/lazy_load_hooks.rb:36:in `call'
	from /home/pi/.rvm/gems/ruby-2.2.4/gems/activesupport-4.2.6/lib/active_support/lazy_load_hooks.rb:36:in `execute_hook'
	from /home/pi/.rvm/gems/ruby-2.2.4/gems/activesupport-4.2.6/lib/active_support/lazy_load_hooks.rb:45:in `block in run_load_hooks'
	from /home/pi/.rvm/gems/ruby-2.2.4/gems/activesupport-4.2.6/lib/active_support/lazy_load_hooks.rb:44:in `each'
	from /home/pi/.rvm/gems/ruby-2.2.4/gems/activesupport-4.2.6/lib/active_support/lazy_load_hooks.rb:44:in `run_load_hooks'
	from /home/pi/.rvm/gems/ruby-2.2.4/gems/railties-4.2.6/lib/rails/application/finisher.rb:55:in `block in <module:Finisher>'
	from /home/pi/.rvm/gems/ruby-2.2.4/gems/railties-4.2.6/lib/rails/initializable.rb:30:in `instance_exec'
	from /home/pi/.rvm/gems/ruby-2.2.4/gems/railties-4.2.6/lib/rails/initializable.rb:30:in `run'
	from /home/pi/.rvm/gems/ruby-2.2.4/gems/railties-4.2.6/lib/rails/initializable.rb:55:in `block in run_initializers'
	from /home/pi/.rvm/rubies/ruby-2.2.4/lib/ruby/2.2.0/tsort.rb:226:in `block in tsort_each'
	from /home/pi/.rvm/rubies/ruby-2.2.4/lib/ruby/2.2.0/tsort.rb:348:in `block (2 levels) in each_strongly_connected_component'
	from /home/pi/.rvm/rubies/ruby-2.2.4/lib/ruby/2.2.0/tsort.rb:429:in `each_strongly_connected_component_from'
	from /home/pi/.rvm/rubies/ruby-2.2.4/lib/ruby/2.2.0/tsort.rb:347:in `block in each_strongly_connected_component'
	from /home/pi/.rvm/rubies/ruby-2.2.4/lib/ruby/2.2.0/tsort.rb:345:in `each'
	from /home/pi/.rvm/rubies/ruby-2.2.4/lib/ruby/2.2.0/tsort.rb:345:in `call'
	from /home/pi/.rvm/rubies/ruby-2.2.4/lib/ruby/2.2.0/tsort.rb:345:in `each_strongly_connected_component'
	from /home/pi/.rvm/rubies/ruby-2.2.4/lib/ruby/2.2.0/tsort.rb:224:in `tsort_each'
	from /home/pi/.rvm/rubies/ruby-2.2.4/lib/ruby/2.2.0/tsort.rb:203:in `tsort_each'
	from /home/pi/.rvm/gems/ruby-2.2.4/gems/railties-4.2.6/lib/rails/initializable.rb:54:in `run_initializers'
	from /home/pi/.rvm/gems/ruby-2.2.4/gems/railties-4.2.6/lib/rails/application.rb:352:in `initialize!'
	from /home/pi/learningRoR/config/environment.rb:5:in `<top (required)>'
	from config.ru:4:in `require'
	from config.ru:4:in `block in <main>'
	from /home/pi/.rvm/gems/ruby-2.2.4/gems/rack-1.6.4/lib/rack/builder.rb:55:in `instance_eval'
	from /home/pi/.rvm/gems/ruby-2.2.4/gems/rack-1.6.4/lib/rack/builder.rb:55:in `initialize'
	from config.ru:1:in `new'
	from config.ru:1:in `<main>'
	from /home/pi/.rvm/gems/ruby-2.2.4/gems/unicorn-5.2.0/lib/unicorn.rb:56:in `eval'
	from /home/pi/.rvm/gems/ruby-2.2.4/gems/unicorn-5.2.0/lib/unicorn.rb:56:in `block in builder'
	from /home/pi/.rvm/gems/ruby-2.2.4/gems/unicorn-5.2.0/lib/unicorn/http_server.rb:752:in `call'
	from /home/pi/.rvm/gems/ruby-2.2.4/gems/unicorn-5.2.0/lib/unicorn/http_server.rb:752:in `build_app!'
	from /home/pi/.rvm/gems/ruby-2.2.4/gems/unicorn-5.2.0/lib/unicorn/http_server.rb:129:in `start'
	from /home/pi/.rvm/gems/ruby-2.2.4/gems/unicorn-5.2.0/bin/unicorn:126:in `<top (required)>'
	from /home/pi/.rvm/gems/ruby-2.2.4/bin/unicorn:22:in `load'
	from /home/pi/.rvm/gems/ruby-2.2.4/bin/unicorn:22:in `<main>'
	from /home/pi/.rvm/gems/ruby-2.2.4/bin/ruby_executable_hooks:15:in `eval'
	from /home/pi/.rvm/gems/ruby-2.2.4/bin/ruby_executable_hooks:15:in `<main>'
I, [2017-04-15T13:23:20.982879 #4726]  INFO -- : Refreshing Gem list
I, [2017-04-15T13:24:01.156216 #4726]  INFO -- : unlinking existing socket=/home/pi/learningRoR/shared/sockets/unicorn.sock
I, [2017-04-15T13:24:01.158697 #4726]  INFO -- : listening on addr=/home/pi/learningRoR/shared/sockets/unicorn.sock fd=9
I, [2017-04-15T13:24:01.160573 #4726]  INFO -- : worker=0 spawning...
I, [2017-04-15T13:24:01.183853 #4726]  INFO -- : worker=1 spawning...
I, [2017-04-15T13:24:01.192940 #4730]  INFO -- : worker=0 spawned pid=4730
I, [2017-04-15T13:24:01.195186 #4730]  INFO -- : worker=0 ready
I, [2017-04-15T13:24:01.212260 #4726]  INFO -- : master process ready
I, [2017-04-15T13:24:01.226485 #4733]  INFO -- : worker=1 spawned pid=4733
I, [2017-04-15T13:24:01.228634 #4733]  INFO -- : worker=1 ready
192.168.10.100 - - [15/Apr/2017:13:32:20 -0400] "GET /pools HTTP/1.0" 500 74378 6.5296
I, [2017-04-15T13:33:29.049662 #4726]  INFO -- : reaped #<Process::Status: pid 4730 exit 0> worker=0
I, [2017-04-15T13:33:29.400181 #4726]  INFO -- : reaped #<Process::Status: pid 4733 exit 0> worker=1
I, [2017-04-15T13:33:29.404103 #4726]  INFO -- : master complete
I, [2017-04-15T13:34:28.500190 #1547]  INFO -- : Refreshing Gem list
I, [2017-04-15T13:35:19.093721 #1547]  INFO -- : unlinking existing socket=/home/pi/learningRoR/shared/sockets/unicorn.sock
I, [2017-04-15T13:35:19.096295 #1547]  INFO -- : listening on addr=/home/pi/learningRoR/shared/sockets/unicorn.sock fd=9
I, [2017-04-15T13:35:19.098232 #1547]  INFO -- : worker=0 spawning...
I, [2017-04-15T13:35:19.114005 #1547]  INFO -- : worker=1 spawning...
I, [2017-04-15T13:35:19.146047 #1758]  INFO -- : worker=0 spawned pid=1758
I, [2017-04-15T13:35:19.148168 #1758]  INFO -- : worker=0 ready
I, [2017-04-15T13:35:19.152686 #1547]  INFO -- : master process ready
I, [2017-04-15T13:35:19.165610 #1761]  INFO -- : worker=1 spawned pid=1761
I, [2017-04-15T13:35:19.167778 #1761]  INFO -- : worker=1 ready
192.168.10.100 - - [15/Apr/2017:13:35:47 -0400] "GET /pools HTTP/1.0" 500 74378 6.6374
I, [2017-04-15T13:36:41.502671 #1547]  INFO -- : reaped #<Process::Status: pid 1758 exit 0> worker=0
I, [2017-04-15T13:36:41.929412 #1547]  INFO -- : reaped #<Process::Status: pid 1761 exit 0> worker=1
I, [2017-04-15T13:36:41.933687 #1547]  INFO -- : master complete
I, [2017-04-15T13:37:47.835166 #1750]  INFO -- : Refreshing Gem list
I, [2017-04-15T13:38:33.691086 #1750]  INFO -- : unlinking existing socket=/home/pi/learningRoR/shared/sockets/unicorn.sock
I, [2017-04-15T13:38:33.693865 #1750]  INFO -- : listening on addr=/home/pi/learningRoR/shared/sockets/unicorn.sock fd=9
I, [2017-04-15T13:38:33.695684 #1750]  INFO -- : worker=0 spawning...
I, [2017-04-15T13:38:33.718572 #1750]  INFO -- : worker=1 spawning...
I, [2017-04-15T13:38:33.727678 #1780]  INFO -- : worker=0 spawned pid=1780
I, [2017-04-15T13:38:33.730242 #1780]  INFO -- : worker=0 ready
I, [2017-04-15T13:38:33.739621 #1750]  INFO -- : master process ready
I, [2017-04-15T13:38:33.777289 #1783]  INFO -- : worker=1 spawned pid=1783
I, [2017-04-15T13:38:33.780531 #1783]  INFO -- : worker=1 ready
192.168.10.100 - - [15/Apr/2017:13:38:47 -0400] "GET /pools HTTP/1.0" 500 74378 6.6101
I, [2017-04-15T13:39:16.347711 #1750]  INFO -- : reaped #<Process::Status: pid 1780 exit 0> worker=0
I, [2017-04-15T13:39:16.665354 #1750]  INFO -- : reaped #<Process::Status: pid 1783 exit 0> worker=1
I, [2017-04-15T13:39:16.669306 #1750]  INFO -- : master complete
I, [2017-04-15T13:40:22.300673 #1757]  INFO -- : Refreshing Gem list
I, [2017-04-15T13:42:03.644589 #1757]  INFO -- : unlinking existing socket=/home/pi/learningRoR/shared/sockets/unicorn.sock
I, [2017-04-15T13:42:03.647143 #1757]  INFO -- : listening on addr=/home/pi/learningRoR/shared/sockets/unicorn.sock fd=9
I, [2017-04-15T13:42:03.679357 #1757]  INFO -- : worker=0 spawning...
I, [2017-04-15T13:42:03.741075 #1757]  INFO -- : worker=1 spawning...
I, [2017-04-15T13:42:03.745859 #3010]  INFO -- : worker=0 spawned pid=3010
I, [2017-04-15T13:42:03.829465 #3010]  INFO -- : worker=0 ready
I, [2017-04-15T13:42:03.833697 #1757]  INFO -- : master process ready
I, [2017-04-15T13:42:03.862939 #3013]  INFO -- : worker=1 spawned pid=3013
I, [2017-04-15T13:42:03.865383 #3013]  INFO -- : worker=1 ready
192.168.10.100 - - [15/Apr/2017:13:43:06 -0400] "GET /pools HTTP/1.0" 500 74378 9.1436
192.168.10.100 - - [15/Apr/2017:13:43:41 -0400] "GET /pools HTTP/1.0" 500 74411 7.3000
192.168.10.100 - - [15/Apr/2017:13:46:28 -0400] "GET / HTTP/1.0" 500 74336 9.6256
192.168.10.100 - - [15/Apr/2017:13:47:15 -0400] "GET /3000 HTTP/1.0" 500 74336 6.0838
